{"type":"operationStart","subtype":"profile","data":{"_id":"prb14SAx6a2Ky5rs","timestamp":"2025-10-11T17:20:12.104Z","state":"queued","mode":"standard","creationDate":"2025-10-11T17:20:12.109Z","modificationDate":"2025-10-11T17:20:12.109Z","shortid":"9xItW8-","$entitySet":"profiles"},"doDiffs":false,"timestamp":1760203212106,"id":"ztq6yju4n3ne1ns","previousOperationId":null,"operationId":"hlqnbgnymdt0d0r"}
{"type":"log","level":"info","message":"Render request 1 queued for execution and waiting for available worker","previousOperationId":"hlqnbgnymdt0d0r","timestamp":1760203212108,"id":"ioa8cjtunyi0zpp"}
{"type":"operationStart","subtype":"render","name":"anonymous","previousOperationId":"hlqnbgnymdt0d0r","timestamp":1760203212140,"id":"6ljtfdmbm9s4ifa","previousEventId":"ztq6yju4n3ne1ns","operationId":"ec3elnm6octvy5y"}
{"type":"log","timestamp":1760203212140,"level":"info","message":"Starting rendering request 1","meta":{"rootId":"e8rsn6v7ayjxc4u","id":"e8rsn6v7ayjxc4u"},"id":"7jaa74tgtuy7drq","previousOperationId":"ec3elnm6octvy5y"}
{"type":"log","timestamp":1760203212141,"level":"info","message":"Rendering template { name: cotizacion, recipe: chrome-pdf, engine: handlebars, preview: true }","meta":{"rootId":"e8rsn6v7ayjxc4u","id":"e8rsn6v7ayjxc4u"},"id":"edk5i8slnoio5pm","previousOperationId":"ec3elnm6octvy5y"}
{"type":"log","timestamp":1760203212141,"level":"debug","message":"Data item not defined for this template.","meta":{"rootId":"e8rsn6v7ayjxc4u","id":"e8rsn6v7ayjxc4u"},"id":"i3k1aolpp2ewf62","previousOperationId":"ec3elnm6octvy5y"}
{"type":"log","timestamp":1760203212148,"level":"debug","message":"Base url not specified, skipping its injection.","meta":{"rootId":"e8rsn6v7ayjxc4u","id":"e8rsn6v7ayjxc4u"},"id":"up97yfldg8w1cci","previousOperationId":"ec3elnm6octvy5y"}
{"type":"operationStart","subtype":"engine","name":"handlebars","timestamp":1760203212150,"id":"2ogobmxlprr3i67","previousEventId":"6ljtfdmbm9s4ifa","operationId":"np1px8cefvlal95","previousOperationId":"ec3elnm6octvy5y"}
{"type":"log","timestamp":1760203212150,"level":"debug","message":"Rendering engine handlebars","meta":{"rootId":"e8rsn6v7ayjxc4u","id":"e8rsn6v7ayjxc4u"},"id":"p8m1l8w8iaw340z","previousOperationId":"np1px8cefvlal95"}
{"type":"operationEnd","operationId":"np1px8cefvlal95","timestamp":1760203213515,"id":"ef8m7py82qvwnkq","previousEventId":"2ogobmxlprr3i67","previousOperationId":"np1px8cefvlal95"}
{"type":"operationStart","subtype":"recipe","name":"chrome-pdf","timestamp":1760203213518,"id":"75orlv5cld9qjei","previousEventId":"ef8m7py82qvwnkq","operationId":"a5a0ocsqcybkttj","previousOperationId":"np1px8cefvlal95"}
{"type":"log","timestamp":1760203213519,"level":"debug","message":"Executing recipe chrome-pdf","meta":{"rootId":"e8rsn6v7ayjxc4u","id":"e8rsn6v7ayjxc4u"},"id":"s3km6n91w72l331","previousOperationId":"a5a0ocsqcybkttj"}
{"type":"log","timestamp":1760203214659,"level":"debug","message":"Converting with chrome Chrome/138.0.7204.168 using chrome-pool strategy","meta":{"rootId":"e8rsn6v7ayjxc4u","id":"e8rsn6v7ayjxc4u"},"id":"sj4ywc5nfc1v4py","previousOperationId":"a5a0ocsqcybkttj"}
{"type":"log","timestamp":1760203214738,"level":"debug","message":"Page request: GET (document) file:///C:/Users/Lenovo/AppData/Local/Temp/jsreport/autocleanup/1b04ea6a-0353-4c07-afc0-592da57d2627-chrome-pdf.html","meta":{"rootId":"e8rsn6v7ayjxc4u","id":"e8rsn6v7ayjxc4u"},"id":"ddko0oqeytjz331","previousOperationId":"a5a0ocsqcybkttj"}
{"type":"log","timestamp":1760203214752,"level":"debug","message":"Page request finished: GET (document) 200 file:///C:/Users/Lenovo/AppData/Local/Temp/jsreport/autocleanup/1b04ea6a-0353-4c07-afc0-592da57d2627-chrome-pdf.html","meta":{"rootId":"e8rsn6v7ayjxc4u","id":"e8rsn6v7ayjxc4u"},"id":"xttlnns4ifjuia8","previousOperationId":"a5a0ocsqcybkttj"}
{"type":"log","timestamp":1760203214760,"level":"debug","message":"Running chrome with params {\"printBackground\":true,\"timeout\":58558,\"margin\":{}}","meta":{"rootId":"e8rsn6v7ayjxc4u","id":"e8rsn6v7ayjxc4u"},"id":"7bdr3zb8sw77pbp","previousOperationId":"a5a0ocsqcybkttj"}
{"type":"operationEnd","operationId":"a5a0ocsqcybkttj","timestamp":1760203214976,"id":"lopgshl3x3c8f4u","previousEventId":"75orlv5cld9qjei","previousOperationId":"a5a0ocsqcybkttj"}
{"type":"log","timestamp":1760203214978,"level":"debug","message":"Skipping storing report.","meta":{"rootId":"e8rsn6v7ayjxc4u","id":"e8rsn6v7ayjxc4u"},"id":"8hgzllci25g4e4a","previousOperationId":"a5a0ocsqcybkttj"}
{"type":"log","timestamp":1760203214978,"level":"info","message":"Rendering request 1 finished in 2876 ms","meta":{"rootId":"e8rsn6v7ayjxc4u","id":"e8rsn6v7ayjxc4u"},"id":"yp2kzv8y0tvluux","previousOperationId":"a5a0ocsqcybkttj"}
{"type":"operationEnd","subtype":"render","operationId":"ec3elnm6octvy5y","timestamp":1760203214978,"id":"twtapuaj8vlu9mc","previousEventId":"lopgshl3x3c8f4u","previousOperationId":"a5a0ocsqcybkttj"}
{"type":"operationEnd","doDiffs":false,"previousEventId":"ztq6yju4n3ne1ns","previousOperationId":"hlqnbgnymdt0d0r","operationId":"hlqnbgnymdt0d0r","timestamp":1760203214989,"id":"lngd6e7f83ggo9t"}
