{"type":"operationStart","subtype":"profile","data":{"_id":"d8XfV8fUGQzEIix1","timestamp":"2025-10-11T15:25:16.901Z","state":"queued","mode":"standard","creationDate":"2025-10-11T15:25:16.902Z","modificationDate":"2025-10-11T15:25:16.902Z","shortid":"abBftXc","$entitySet":"profiles"},"doDiffs":false,"timestamp":1760196316902,"id":"a07cdjqg6zaphk1","previousOperationId":null,"operationId":"cob3f2jsj8l0hez"}
{"type":"log","level":"info","message":"Render request 52 queued for execution and waiting for available worker","previousOperationId":"cob3f2jsj8l0hez","timestamp":1760196316902,"id":"c1lphc0t64sm8az"}
{"type":"operationStart","subtype":"render","name":"cotizacion","previousOperationId":"cob3f2jsj8l0hez","timestamp":1760196316908,"id":"0n1yk01y9qe5zu9","previousEventId":"a07cdjqg6zaphk1","operationId":"uo34ux8pwtpvc5m"}
{"type":"log","timestamp":1760196316908,"level":"info","message":"Starting rendering request 52","meta":{"rootId":"2ylapxrzh8n76gt","id":"2ylapxrzh8n76gt"},"id":"alb305wt32yp487","previousOperationId":"uo34ux8pwtpvc5m"}
{"type":"log","timestamp":1760196316908,"level":"info","message":"Rendering template { name: cotizacion, recipe: chrome-pdf, engine: handlebars, preview: false }","meta":{"rootId":"2ylapxrzh8n76gt","id":"2ylapxrzh8n76gt"},"id":"79vbp2hwisgp7me","previousOperationId":"uo34ux8pwtpvc5m"}
{"type":"log","timestamp":1760196316908,"level":"debug","message":"Inline data specified.","meta":{"rootId":"2ylapxrzh8n76gt","id":"2ylapxrzh8n76gt"},"id":"e2h6am9p6d030yy","previousOperationId":"uo34ux8pwtpvc5m"}
{"type":"log","timestamp":1760196316909,"level":"debug","message":"Base url not specified, skipping its injection.","meta":{"rootId":"2ylapxrzh8n76gt","id":"2ylapxrzh8n76gt"},"id":"zobv4o6p1tzz1io","previousOperationId":"uo34ux8pwtpvc5m"}
{"type":"operationStart","subtype":"engine","name":"handlebars","timestamp":1760196316909,"id":"0lrxqdtvoc37pr0","previousEventId":"0n1yk01y9qe5zu9","operationId":"d4j9tnk31v04g9z","previousOperationId":"uo34ux8pwtpvc5m"}
{"type":"log","timestamp":1760196316909,"level":"debug","message":"Rendering engine handlebars","meta":{"rootId":"2ylapxrzh8n76gt","id":"2ylapxrzh8n76gt"},"id":"pahe31w4j8qclwd","previousOperationId":"d4j9tnk31v04g9z"}
{"type":"operationEnd","operationId":"d4j9tnk31v04g9z","timestamp":1760196316913,"id":"r0wb86yh5hegnxb","previousEventId":"0lrxqdtvoc37pr0","previousOperationId":"d4j9tnk31v04g9z"}
{"type":"operationStart","subtype":"recipe","name":"chrome-pdf","timestamp":1760196316913,"id":"hutj2htnntx3ic6","previousEventId":"r0wb86yh5hegnxb","operationId":"w7pi5312uippcad","previousOperationId":"d4j9tnk31v04g9z"}
{"type":"log","timestamp":1760196316913,"level":"debug","message":"Executing recipe chrome-pdf","meta":{"rootId":"2ylapxrzh8n76gt","id":"2ylapxrzh8n76gt"},"id":"y1dp0ux1us3te3b","previousOperationId":"w7pi5312uippcad"}
{"type":"log","timestamp":1760196316915,"level":"debug","message":"Converting with chrome Chrome/138.0.7204.168 using chrome-pool strategy","meta":{"rootId":"2ylapxrzh8n76gt","id":"2ylapxrzh8n76gt"},"id":"ne62zqjzs0cycf0","previousOperationId":"w7pi5312uippcad"}
{"type":"log","timestamp":1760196316952,"level":"debug","message":"Page request: GET (document) file:///C:/Users/Lenovo/AppData/Local/Temp/jsreport/autocleanup/f86fe61d-4c05-49a1-a48a-5bec637d720d-chrome-pdf.html","meta":{"rootId":"2ylapxrzh8n76gt","id":"2ylapxrzh8n76gt"},"id":"l3apcjb8x1f78uo","previousOperationId":"w7pi5312uippcad"}
{"type":"log","timestamp":1760196317000,"level":"debug","message":"Page request finished: GET (document) 200 file:///C:/Users/Lenovo/AppData/Local/Temp/jsreport/autocleanup/f86fe61d-4c05-49a1-a48a-5bec637d720d-chrome-pdf.html","meta":{"rootId":"2ylapxrzh8n76gt","id":"2ylapxrzh8n76gt"},"id":"crt41dqzjsa2ocr","previousOperationId":"w7pi5312uippcad"}
{"type":"log","timestamp":1760196317011,"level":"debug","message":"Running chrome with params {\"printBackground\":true,\"timeout\":59987,\"margin\":{}}","meta":{"rootId":"2ylapxrzh8n76gt","id":"2ylapxrzh8n76gt"},"id":"iihzbpbs4w9ka3v","previousOperationId":"w7pi5312uippcad"}
{"type":"operationEnd","operationId":"w7pi5312uippcad","timestamp":1760196317209,"id":"x9asbcear3p6b43","previousEventId":"hutj2htnntx3ic6","previousOperationId":"w7pi5312uippcad"}
{"type":"log","timestamp":1760196317209,"level":"debug","message":"Skipping storing report.","meta":{"rootId":"2ylapxrzh8n76gt","id":"2ylapxrzh8n76gt"},"id":"ap8j7t4xy49igm2","previousOperationId":"w7pi5312uippcad"}
{"type":"log","timestamp":1760196317209,"level":"info","message":"Rendering request 52 finished in 308 ms","meta":{"rootId":"2ylapxrzh8n76gt","id":"2ylapxrzh8n76gt"},"id":"bpthhi9po8vsng7","previousOperationId":"w7pi5312uippcad"}
{"type":"operationEnd","subtype":"render","operationId":"uo34ux8pwtpvc5m","timestamp":1760196317209,"id":"2xdcnw7nceo85cl","previousEventId":"x9asbcear3p6b43","previousOperationId":"w7pi5312uippcad"}
{"type":"operationEnd","doDiffs":false,"previousEventId":"a07cdjqg6zaphk1","previousOperationId":"cob3f2jsj8l0hez","operationId":"cob3f2jsj8l0hez","timestamp":1760196317210,"id":"r7jezik7qi9gfza"}
