{"type":"operationStart","subtype":"profile","data":{"_id":"rm8BCsCOZQpEHLzi","timestamp":"2025-10-11T16:21:18.107Z","state":"running","mode":"standard","creationDate":"2025-10-11T16:21:18.115Z","modificationDate":"2025-10-11T16:21:18.115Z","shortid":"WeHT20b","$entitySet":"profiles","timeout":60000,"templateShortid":"xX2vvMuYm"},"doDiffs":false,"timestamp":1760199678111,"id":"orfcrfd1mb5ziw8","previousOperationId":null,"operationId":"p5xga5suzjldz8g"}
{"type":"log","level":"info","message":"Render request 1 queued for execution and waiting for available worker","previousOperationId":"p5xga5suzjldz8g","timestamp":1760199678112,"id":"2qsqo2cdrv1svlh"}
{"type":"operationStart","subtype":"render","name":"cotizacion","previousOperationId":"p5xga5suzjldz8g","timestamp":1760199678166,"id":"e3cev4thdngm7iu","previousEventId":"orfcrfd1mb5ziw8","operationId":"8jbmt91h7tsq38x"}
{"type":"log","timestamp":1760199678167,"level":"info","message":"Starting rendering request 1","meta":{"rootId":"c1ul9ngypon8np5","id":"c1ul9ngypon8np5"},"id":"b57cxje2s5mlbp5","previousOperationId":"8jbmt91h7tsq38x"}
{"type":"log","timestamp":1760199678170,"level":"info","message":"Rendering template { name: cotizacion, recipe: chrome-pdf, engine: handlebars, preview: false }","meta":{"rootId":"c1ul9ngypon8np5","id":"c1ul9ngypon8np5"},"id":"m3jjrjjb2jv3ze8","previousOperationId":"8jbmt91h7tsq38x"}
{"type":"log","timestamp":1760199678170,"level":"debug","message":"Data item not defined for this template.","meta":{"rootId":"c1ul9ngypon8np5","id":"c1ul9ngypon8np5"},"id":"3m6pnyg3rasorqe","previousOperationId":"8jbmt91h7tsq38x"}
{"type":"log","timestamp":1760199678179,"level":"debug","message":"Base url not specified, skipping its injection.","meta":{"rootId":"c1ul9ngypon8np5","id":"c1ul9ngypon8np5"},"id":"43bud5ltvl7noaw","previousOperationId":"8jbmt91h7tsq38x"}
{"type":"operationStart","subtype":"engine","name":"handlebars","timestamp":1760199678182,"id":"ty91r18czg5kdf8","previousEventId":"e3cev4thdngm7iu","operationId":"diu3egoawnob647","previousOperationId":"8jbmt91h7tsq38x"}
{"type":"log","timestamp":1760199678182,"level":"debug","message":"Rendering engine handlebars","meta":{"rootId":"c1ul9ngypon8np5","id":"c1ul9ngypon8np5"},"id":"klli9altoasccmf","previousOperationId":"diu3egoawnob647"}
{"type":"operationEnd","operationId":"diu3egoawnob647","timestamp":1760199680016,"id":"culrvnsn33hapo0","previousEventId":"ty91r18czg5kdf8","previousOperationId":"diu3egoawnob647"}
{"type":"operationStart","subtype":"recipe","name":"chrome-pdf","timestamp":1760199680018,"id":"bytfpv7r4rusqg4","previousEventId":"culrvnsn33hapo0","operationId":"j0btf215do7bbeu","previousOperationId":"diu3egoawnob647"}
{"type":"log","timestamp":1760199680019,"level":"debug","message":"Executing recipe chrome-pdf","meta":{"rootId":"c1ul9ngypon8np5","id":"c1ul9ngypon8np5"},"id":"i38f9ch25hjljnc","previousOperationId":"j0btf215do7bbeu"}
{"type":"log","timestamp":1760199680379,"level":"debug","message":"Converting with chrome Chrome/138.0.7204.168 using chrome-pool strategy","meta":{"rootId":"c1ul9ngypon8np5","id":"c1ul9ngypon8np5"},"id":"5xjzi22pjfydmjr","previousOperationId":"j0btf215do7bbeu"}
{"type":"log","timestamp":1760199680451,"level":"debug","message":"Page request: GET (document) file:///C:/Users/Lenovo/AppData/Local/Temp/jsreport/autocleanup/3a315525-ea2d-45fc-b614-16167ac4dba5-chrome-pdf.html","meta":{"rootId":"c1ul9ngypon8np5","id":"c1ul9ngypon8np5"},"id":"vz0q1vrffncg1jh","previousOperationId":"j0btf215do7bbeu"}
{"type":"log","timestamp":1760199680465,"level":"debug","message":"Page request finished: GET (document) 200 file:///C:/Users/Lenovo/AppData/Local/Temp/jsreport/autocleanup/3a315525-ea2d-45fc-b614-16167ac4dba5-chrome-pdf.html","meta":{"rootId":"c1ul9ngypon8np5","id":"c1ul9ngypon8np5"},"id":"ox38mb2hjcdzrs4","previousOperationId":"j0btf215do7bbeu"}
{"type":"log","timestamp":1760199680472,"level":"debug","message":"Running chrome with params {\"printBackground\":true,\"timeout\":58067,\"margin\":{}}","meta":{"rootId":"c1ul9ngypon8np5","id":"c1ul9ngypon8np5"},"id":"v83n29odfq2l9h0","previousOperationId":"j0btf215do7bbeu"}
{"type":"operationEnd","operationId":"j0btf215do7bbeu","timestamp":1760199680697,"id":"xo8q6ppilm28fhu","previousEventId":"bytfpv7r4rusqg4","previousOperationId":"j0btf215do7bbeu"}
{"type":"log","timestamp":1760199680699,"level":"debug","message":"Skipping storing report.","meta":{"rootId":"c1ul9ngypon8np5","id":"c1ul9ngypon8np5"},"id":"fs6x7yniw3vhx3i","previousOperationId":"j0btf215do7bbeu"}
{"type":"log","timestamp":1760199680699,"level":"info","message":"Rendering request 1 finished in 2595 ms","meta":{"rootId":"c1ul9ngypon8np5","id":"c1ul9ngypon8np5"},"id":"fwgmn4rspyk80k5","previousOperationId":"j0btf215do7bbeu"}
{"type":"operationEnd","subtype":"render","operationId":"8jbmt91h7tsq38x","timestamp":1760199680699,"id":"creoztho5rl1lc8","previousEventId":"xo8q6ppilm28fhu","previousOperationId":"j0btf215do7bbeu"}
{"type":"operationEnd","doDiffs":false,"previousEventId":"orfcrfd1mb5ziw8","previousOperationId":"p5xga5suzjldz8g","operationId":"p5xga5suzjldz8g","timestamp":1760199680707,"id":"ph6ur0sqxpa40z8"}
