{"type":"operationStart","subtype":"profile","data":{"_id":"OEPHbQ1fPNPINVso","timestamp":"2025-10-11T16:16:01.539Z","state":"queued","mode":"standard","creationDate":"2025-10-11T16:16:01.547Z","modificationDate":"2025-10-11T16:16:01.547Z","shortid":"r4K8rt2","$entitySet":"profiles"},"doDiffs":false,"timestamp":1760199361544,"id":"tlby1othkrtmrz1","previousOperationId":null,"operationId":"70c7zda8yu2y048"}
{"type":"log","level":"info","message":"Render request 2 queued for execution and waiting for available worker","previousOperationId":"70c7zda8yu2y048","timestamp":1760199361544,"id":"fuklis2z9sqhvsh"}
{"type":"operationStart","subtype":"render","name":"cotizacion","previousOperationId":"70c7zda8yu2y048","timestamp":1760199361595,"id":"p39i73b7ergyy08","previousEventId":"tlby1othkrtmrz1","operationId":"03ieybuukxkv3oy"}
{"type":"log","timestamp":1760199361597,"level":"info","message":"Starting rendering request 2","meta":{"rootId":"f8ei9uxldw70ge1","id":"f8ei9uxldw70ge1"},"id":"iqjwmmfooaxgtd9","previousOperationId":"03ieybuukxkv3oy"}
{"type":"log","timestamp":1760199361600,"level":"info","message":"Rendering template { name: cotizacion, recipe: chrome-pdf, engine: handlebars, preview: false }","meta":{"rootId":"f8ei9uxldw70ge1","id":"f8ei9uxldw70ge1"},"id":"uwdmtb04gkl6pua","previousOperationId":"03ieybuukxkv3oy"}
{"type":"log","timestamp":1760199361601,"level":"debug","message":"Inline data specified.","meta":{"rootId":"f8ei9uxldw70ge1","id":"f8ei9uxldw70ge1"},"id":"xvsd2eq90gxowhj","previousOperationId":"03ieybuukxkv3oy"}
{"type":"log","timestamp":1760199361608,"level":"debug","message":"Base url not specified, skipping its injection.","meta":{"rootId":"f8ei9uxldw70ge1","id":"f8ei9uxldw70ge1"},"id":"3o30p5wkqe19vt9","previousOperationId":"03ieybuukxkv3oy"}
{"type":"operationStart","subtype":"engine","name":"handlebars","timestamp":1760199361612,"id":"0virpw6bh5kszby","previousEventId":"p39i73b7ergyy08","operationId":"i7kvs90p9qn1rj9","previousOperationId":"03ieybuukxkv3oy"}
{"type":"log","timestamp":1760199361612,"level":"debug","message":"Rendering engine handlebars","meta":{"rootId":"f8ei9uxldw70ge1","id":"f8ei9uxldw70ge1"},"id":"graz3w56ofkyc2o","previousOperationId":"i7kvs90p9qn1rj9"}
{"type":"operationEnd","operationId":"i7kvs90p9qn1rj9","timestamp":1760199363419,"id":"ad1ynmtslifuolj","previousEventId":"0virpw6bh5kszby","previousOperationId":"i7kvs90p9qn1rj9"}
{"type":"operationStart","subtype":"recipe","name":"chrome-pdf","timestamp":1760199363422,"id":"edcmzjs1x5e4a9s","previousEventId":"ad1ynmtslifuolj","operationId":"3xe0trgyc12uddd","previousOperationId":"i7kvs90p9qn1rj9"}
{"type":"log","timestamp":1760199363422,"level":"debug","message":"Executing recipe chrome-pdf","meta":{"rootId":"f8ei9uxldw70ge1","id":"f8ei9uxldw70ge1"},"id":"q041dj8hp4g2kpz","previousOperationId":"3xe0trgyc12uddd"}
{"type":"log","timestamp":1760199363851,"level":"debug","message":"Converting with chrome Chrome/138.0.7204.168 using chrome-pool strategy","meta":{"rootId":"f8ei9uxldw70ge1","id":"f8ei9uxldw70ge1"},"id":"wci5jl3bom16m8g","previousOperationId":"3xe0trgyc12uddd"}
{"type":"log","timestamp":1760199363953,"level":"debug","message":"Page request: GET (document) file:///C:/Users/Lenovo/AppData/Local/Temp/jsreport/autocleanup/a8dc9a86-40b1-4c76-bc14-a7680236e3db-chrome-pdf.html","meta":{"rootId":"f8ei9uxldw70ge1","id":"f8ei9uxldw70ge1"},"id":"sb8uy65cmjvyyxl","previousOperationId":"3xe0trgyc12uddd"}
{"type":"log","timestamp":1760199363988,"level":"debug","message":"Page request finished: GET (document) 200 file:///C:/Users/Lenovo/AppData/Local/Temp/jsreport/autocleanup/a8dc9a86-40b1-4c76-bc14-a7680236e3db-chrome-pdf.html","meta":{"rootId":"f8ei9uxldw70ge1","id":"f8ei9uxldw70ge1"},"id":"th0lnlckusk2t6j","previousOperationId":"3xe0trgyc12uddd"}
{"type":"log","timestamp":1760199364003,"level":"debug","message":"Running chrome with params {\"printBackground\":true,\"timeout\":58094,\"margin\":{}}","meta":{"rootId":"f8ei9uxldw70ge1","id":"f8ei9uxldw70ge1"},"id":"glreqeth9hgy7cb","previousOperationId":"3xe0trgyc12uddd"}
{"type":"operationEnd","operationId":"3xe0trgyc12uddd","timestamp":1760199364307,"id":"c0ac6ktmo0a1nbl","previousEventId":"edcmzjs1x5e4a9s","previousOperationId":"3xe0trgyc12uddd"}
{"type":"log","timestamp":1760199364308,"level":"debug","message":"Skipping storing report.","meta":{"rootId":"f8ei9uxldw70ge1","id":"f8ei9uxldw70ge1"},"id":"bq9xf07i4rcnmcl","previousOperationId":"3xe0trgyc12uddd"}
{"type":"log","timestamp":1760199364308,"level":"info","message":"Rendering request 2 finished in 2773 ms","meta":{"rootId":"f8ei9uxldw70ge1","id":"f8ei9uxldw70ge1"},"id":"qo5tufr6i90ab8q","previousOperationId":"3xe0trgyc12uddd"}
{"type":"operationEnd","subtype":"render","operationId":"03ieybuukxkv3oy","timestamp":1760199364308,"id":"kpehdusbvrhlwxt","previousEventId":"c0ac6ktmo0a1nbl","previousOperationId":"3xe0trgyc12uddd"}
{"type":"operationEnd","doDiffs":false,"previousEventId":"tlby1othkrtmrz1","previousOperationId":"70c7zda8yu2y048","operationId":"70c7zda8yu2y048","timestamp":1760199364313,"id":"y1iul1j7935kjdi"}
