{"type":"operationStart","subtype":"profile","data":{"_id":"yiWPJuMqutrFOoIe","timestamp":"2025-10-11T16:10:13.892Z","state":"queued","mode":"standard","creationDate":"2025-10-11T16:10:13.899Z","modificationDate":"2025-10-11T16:10:13.899Z","shortid":"yPO-5Pk","$entitySet":"profiles"},"doDiffs":false,"timestamp":1760199013895,"id":"tsdrf9ed5afszm8","previousOperationId":null,"operationId":"o4xxeluy47c8kq8"}
{"type":"log","level":"info","message":"Render request 3 queued for execution and waiting for available worker","previousOperationId":"o4xxeluy47c8kq8","timestamp":1760199013895,"id":"6g119e376f0fyik"}
{"type":"operationStart","subtype":"render","name":"cotizacion","previousOperationId":"o4xxeluy47c8kq8","timestamp":1760199013966,"id":"tuomhj02xk0tgyb","previousEventId":"tsdrf9ed5afszm8","operationId":"ge72cglcxneoxi8"}
{"type":"log","timestamp":1760199013966,"level":"info","message":"Starting rendering request 3","meta":{"rootId":"gcwchntfld40gmt","id":"gcwchntfld40gmt"},"id":"waesnjlrfuiqykv","previousOperationId":"ge72cglcxneoxi8"}
{"type":"log","timestamp":1760199013966,"level":"info","message":"Rendering template { name: cotizacion, recipe: chrome-pdf, engine: handlebars, preview: false }","meta":{"rootId":"gcwchntfld40gmt","id":"gcwchntfld40gmt"},"id":"oywu6h9tbbr1zxu","previousOperationId":"ge72cglcxneoxi8"}
{"type":"log","timestamp":1760199013967,"level":"debug","message":"Inline data specified.","meta":{"rootId":"gcwchntfld40gmt","id":"gcwchntfld40gmt"},"id":"9084i2ggebuxfue","previousOperationId":"ge72cglcxneoxi8"}
{"type":"log","timestamp":1760199013976,"level":"debug","message":"Base url not specified, skipping its injection.","meta":{"rootId":"gcwchntfld40gmt","id":"gcwchntfld40gmt"},"id":"goyxlc63x1ogngm","previousOperationId":"ge72cglcxneoxi8"}
{"type":"operationStart","subtype":"engine","name":"handlebars","timestamp":1760199013977,"id":"0j36wc763p0ey46","previousEventId":"tuomhj02xk0tgyb","operationId":"6q2cd36ho5hil56","previousOperationId":"ge72cglcxneoxi8"}
{"type":"log","timestamp":1760199013977,"level":"debug","message":"Rendering engine handlebars","meta":{"rootId":"gcwchntfld40gmt","id":"gcwchntfld40gmt"},"id":"rjxt9nu9xrjdxs0","previousOperationId":"6q2cd36ho5hil56"}
{"type":"operationEnd","operationId":"6q2cd36ho5hil56","timestamp":1760199014028,"id":"1oouqyrvj2myqjw","previousEventId":"0j36wc763p0ey46","previousOperationId":"6q2cd36ho5hil56"}
{"type":"operationStart","subtype":"recipe","name":"chrome-pdf","timestamp":1760199014029,"id":"kah1nerfvzwvc5v","previousEventId":"1oouqyrvj2myqjw","operationId":"6hw74a7c83redjx","previousOperationId":"6q2cd36ho5hil56"}
{"type":"log","timestamp":1760199014029,"level":"debug","message":"Executing recipe chrome-pdf","meta":{"rootId":"gcwchntfld40gmt","id":"gcwchntfld40gmt"},"id":"6kcgj0oyepxmzns","previousOperationId":"6hw74a7c83redjx"}
{"type":"log","timestamp":1760199014034,"level":"debug","message":"Converting with chrome Chrome/138.0.7204.168 using chrome-pool strategy","meta":{"rootId":"gcwchntfld40gmt","id":"gcwchntfld40gmt"},"id":"20i3m9pw71p748u","previousOperationId":"6hw74a7c83redjx"}
{"type":"log","timestamp":1760199014397,"level":"debug","message":"Page request: GET (document) file:///C:/Users/Lenovo/AppData/Local/Temp/jsreport/autocleanup/2bce5f78-6099-472c-aea4-36787a6cf499-chrome-pdf.html","meta":{"rootId":"gcwchntfld40gmt","id":"gcwchntfld40gmt"},"id":"cwk23lvu23wuan2","previousOperationId":"6hw74a7c83redjx"}
{"type":"log","timestamp":1760199014470,"level":"debug","message":"Page request finished: GET (document) 200 file:///C:/Users/Lenovo/AppData/Local/Temp/jsreport/autocleanup/2bce5f78-6099-472c-aea4-36787a6cf499-chrome-pdf.html","meta":{"rootId":"gcwchntfld40gmt","id":"gcwchntfld40gmt"},"id":"hzdc0c498kxfnsb","previousOperationId":"6hw74a7c83redjx"}
{"type":"log","timestamp":1760199014632,"level":"debug","message":"Running chrome with params {\"printBackground\":true,\"timeout\":59860,\"margin\":{}}","meta":{"rootId":"gcwchntfld40gmt","id":"gcwchntfld40gmt"},"id":"a89qoe4s8gjsscs","previousOperationId":"6hw74a7c83redjx"}
{"type":"operationEnd","operationId":"6hw74a7c83redjx","timestamp":1760199015035,"id":"lw0low7ymba4o3j","previousEventId":"kah1nerfvzwvc5v","previousOperationId":"6hw74a7c83redjx"}
{"type":"log","timestamp":1760199015035,"level":"debug","message":"Skipping storing report.","meta":{"rootId":"gcwchntfld40gmt","id":"gcwchntfld40gmt"},"id":"8it1safuqyzol8h","previousOperationId":"6hw74a7c83redjx"}
{"type":"log","timestamp":1760199015036,"level":"info","message":"Rendering request 3 finished in 1145 ms","meta":{"rootId":"gcwchntfld40gmt","id":"gcwchntfld40gmt"},"id":"vcnb3sdbss4xy1z","previousOperationId":"6hw74a7c83redjx"}
{"type":"operationEnd","subtype":"render","operationId":"ge72cglcxneoxi8","timestamp":1760199015036,"id":"ad0htyagdy3gnml","previousEventId":"lw0low7ymba4o3j","previousOperationId":"6hw74a7c83redjx"}
{"type":"operationEnd","doDiffs":false,"previousEventId":"tsdrf9ed5afszm8","previousOperationId":"o4xxeluy47c8kq8","operationId":"o4xxeluy47c8kq8","timestamp":1760199015061,"id":"xj4qtnda3k001zx"}
