{"type":"operationStart","subtype":"profile","data":{"_id":"ZUled1d62N0hbKDb","timestamp":"2025-10-11T16:43:15.829Z","state":"queued","mode":"standard","creationDate":"2025-10-11T16:43:15.841Z","modificationDate":"2025-10-11T16:43:15.841Z","shortid":"-MHY0KT","$entitySet":"profiles"},"doDiffs":false,"timestamp":1760200995835,"id":"2brumtgi7l3jhvh","previousOperationId":null,"operationId":"fppsg2afznekc20"}
{"type":"log","level":"info","message":"Render request 1 queued for execution and waiting for available worker","previousOperationId":"fppsg2afznekc20","timestamp":1760200995836,"id":"gnms58gu3valsnz"}
{"type":"operationStart","subtype":"render","name":"cotizacion","previousOperationId":"fppsg2afznekc20","timestamp":1760200995926,"id":"mvfvzyj2eeujl31","previousEventId":"2brumtgi7l3jhvh","operationId":"74hd9nvwqmjkk9b"}
{"type":"log","timestamp":1760200995928,"level":"info","message":"Starting rendering request 1","meta":{"rootId":"l7tf14gx03jjn9h","id":"l7tf14gx03jjn9h"},"id":"whi2d05brmnmljf","previousOperationId":"74hd9nvwqmjkk9b"}
{"type":"log","timestamp":1760200995931,"level":"info","message":"Rendering template { name: cotizacion, recipe: chrome-pdf, engine: handlebars, preview: false }","meta":{"rootId":"l7tf14gx03jjn9h","id":"l7tf14gx03jjn9h"},"id":"jw9mscjnq098mog","previousOperationId":"74hd9nvwqmjkk9b"}
{"type":"log","timestamp":1760200995931,"level":"debug","message":"Inline data specified.","meta":{"rootId":"l7tf14gx03jjn9h","id":"l7tf14gx03jjn9h"},"id":"3uzummny4ymak3z","previousOperationId":"74hd9nvwqmjkk9b"}
{"type":"log","timestamp":1760200995948,"level":"debug","message":"Base url not specified, skipping its injection.","meta":{"rootId":"l7tf14gx03jjn9h","id":"l7tf14gx03jjn9h"},"id":"gv6nl63ixlyszrk","previousOperationId":"74hd9nvwqmjkk9b"}
{"type":"operationStart","subtype":"engine","name":"handlebars","timestamp":1760200995952,"id":"jkxax1qgl62oawl","previousEventId":"mvfvzyj2eeujl31","operationId":"9a0w8637ju5dlmi","previousOperationId":"74hd9nvwqmjkk9b"}
{"type":"log","timestamp":1760200995952,"level":"debug","message":"Rendering engine handlebars","meta":{"rootId":"l7tf14gx03jjn9h","id":"l7tf14gx03jjn9h"},"id":"fsd6t1e70naw8vg","previousOperationId":"9a0w8637ju5dlmi"}
{"type":"operationEnd","operationId":"9a0w8637ju5dlmi","timestamp":1760200997024,"id":"hg72uwunrqxoiya","previousEventId":"jkxax1qgl62oawl","previousOperationId":"9a0w8637ju5dlmi"}
{"type":"operationStart","subtype":"recipe","name":"chrome-pdf","timestamp":1760200997025,"id":"jbyxochb3t1rw7w","previousEventId":"hg72uwunrqxoiya","operationId":"fdfuszdv4e32baa","previousOperationId":"9a0w8637ju5dlmi"}
{"type":"log","timestamp":1760200997025,"level":"debug","message":"Executing recipe chrome-pdf","meta":{"rootId":"l7tf14gx03jjn9h","id":"l7tf14gx03jjn9h"},"id":"gawpw6a66x8fadc","previousOperationId":"fdfuszdv4e32baa"}
{"type":"log","timestamp":1760200997424,"level":"debug","message":"Converting with chrome Chrome/138.0.7204.168 using chrome-pool strategy","meta":{"rootId":"l7tf14gx03jjn9h","id":"l7tf14gx03jjn9h"},"id":"17g7rixocwmxlyv","previousOperationId":"fdfuszdv4e32baa"}
{"type":"log","timestamp":1760200997476,"level":"debug","message":"Page request: GET (document) file:///C:/Users/Lenovo/AppData/Local/Temp/jsreport/autocleanup/7d194478-a166-40ff-a641-23f16adc0ae6-chrome-pdf.html","meta":{"rootId":"l7tf14gx03jjn9h","id":"l7tf14gx03jjn9h"},"id":"9aepoep1sqipc1p","previousOperationId":"fdfuszdv4e32baa"}
{"type":"log","timestamp":1760200997524,"level":"debug","message":"Page request finished: GET (document) 200 file:///C:/Users/Lenovo/AppData/Local/Temp/jsreport/autocleanup/7d194478-a166-40ff-a641-23f16adc0ae6-chrome-pdf.html","meta":{"rootId":"l7tf14gx03jjn9h","id":"l7tf14gx03jjn9h"},"id":"71f5u63yvoo0ndj","previousOperationId":"fdfuszdv4e32baa"}
{"type":"log","timestamp":1760200997534,"level":"debug","message":"Running chrome with params {\"printBackground\":true,\"timeout\":58794,\"margin\":{}}","meta":{"rootId":"l7tf14gx03jjn9h","id":"l7tf14gx03jjn9h"},"id":"pndtvfh9vorfj6m","previousOperationId":"fdfuszdv4e32baa"}
{"type":"operationEnd","operationId":"fdfuszdv4e32baa","timestamp":1760200997788,"id":"riaf2ka1p5zaeze","previousEventId":"jbyxochb3t1rw7w","previousOperationId":"fdfuszdv4e32baa"}
{"type":"log","timestamp":1760200997789,"level":"debug","message":"Skipping storing report.","meta":{"rootId":"l7tf14gx03jjn9h","id":"l7tf14gx03jjn9h"},"id":"8jwv4dbd2wti5oh","previousOperationId":"fdfuszdv4e32baa"}
{"type":"log","timestamp":1760200997789,"level":"info","message":"Rendering request 1 finished in 1965 ms","meta":{"rootId":"l7tf14gx03jjn9h","id":"l7tf14gx03jjn9h"},"id":"ikymn3j3vo3ojjs","previousOperationId":"fdfuszdv4e32baa"}
{"type":"operationEnd","subtype":"render","operationId":"74hd9nvwqmjkk9b","timestamp":1760200997789,"id":"opfk1anzmn4y7zu","previousEventId":"riaf2ka1p5zaeze","previousOperationId":"fdfuszdv4e32baa"}
{"type":"operationEnd","doDiffs":false,"previousEventId":"2brumtgi7l3jhvh","previousOperationId":"fppsg2afznekc20","operationId":"fppsg2afznekc20","timestamp":1760200997790,"id":"rknobl7pj7fjs3e"}
