{"type":"operationStart","subtype":"profile","data":{"_id":"jUh9OG0kBH62g92x","timestamp":"2025-10-11T16:01:55.162Z","state":"queued","mode":"standard","creationDate":"2025-10-11T16:01:55.177Z","modificationDate":"2025-10-11T16:01:55.177Z","shortid":"jtAffW2","$entitySet":"profiles"},"doDiffs":false,"timestamp":1760198515168,"id":"azn7dhljpvm8wjq","previousOperationId":null,"operationId":"90igj4oopxs1hh4"}
{"type":"log","level":"info","message":"Render request 1 queued for execution and waiting for available worker","previousOperationId":"90igj4oopxs1hh4","timestamp":1760198515169,"id":"n15oo0amr0jgfsz"}
{"type":"operationStart","subtype":"render","name":"cotizacion","previousOperationId":"90igj4oopxs1hh4","timestamp":1760198515294,"id":"ieyps1f87feeb9h","previousEventId":"azn7dhljpvm8wjq","operationId":"29k6ito6x6yyen3"}
{"type":"log","timestamp":1760198515296,"level":"info","message":"Starting rendering request 1","meta":{"rootId":"ncnkgdogv54w6xq","id":"ncnkgdogv54w6xq"},"id":"cdqv2jwgkrkabh5","previousOperationId":"29k6ito6x6yyen3"}
{"type":"log","timestamp":1760198515299,"level":"info","message":"Rendering template { name: cotizacion, recipe: chrome-pdf, engine: handlebars, preview: false }","meta":{"rootId":"ncnkgdogv54w6xq","id":"ncnkgdogv54w6xq"},"id":"i5b7hcq4fjfr17c","previousOperationId":"29k6ito6x6yyen3"}
{"type":"log","timestamp":1760198515301,"level":"debug","message":"Inline data specified.","meta":{"rootId":"ncnkgdogv54w6xq","id":"ncnkgdogv54w6xq"},"id":"ox74wen74j28mjj","previousOperationId":"29k6ito6x6yyen3"}
{"type":"log","timestamp":1760198515312,"level":"debug","message":"Base url not specified, skipping its injection.","meta":{"rootId":"ncnkgdogv54w6xq","id":"ncnkgdogv54w6xq"},"id":"4e5olkzejewu223","previousOperationId":"29k6ito6x6yyen3"}
{"type":"operationStart","subtype":"engine","name":"handlebars","timestamp":1760198515316,"id":"g85mxh3is1x65rd","previousEventId":"ieyps1f87feeb9h","operationId":"5umo56y4xmtxu7x","previousOperationId":"29k6ito6x6yyen3"}
{"type":"log","timestamp":1760198515317,"level":"debug","message":"Rendering engine handlebars","meta":{"rootId":"ncnkgdogv54w6xq","id":"ncnkgdogv54w6xq"},"id":"87dyk7sjvl3xalp","previousOperationId":"5umo56y4xmtxu7x"}
{"type":"operationEnd","operationId":"5umo56y4xmtxu7x","timestamp":1760198517299,"id":"0665rnmf4yag0ar","previousEventId":"g85mxh3is1x65rd","previousOperationId":"5umo56y4xmtxu7x"}
{"type":"operationStart","subtype":"recipe","name":"chrome-pdf","timestamp":1760198517299,"id":"0kk1hld8yg23ty1","previousEventId":"0665rnmf4yag0ar","operationId":"tred1hsalfrmc5p","previousOperationId":"5umo56y4xmtxu7x"}
{"type":"log","timestamp":1760198517299,"level":"debug","message":"Executing recipe chrome-pdf","meta":{"rootId":"ncnkgdogv54w6xq","id":"ncnkgdogv54w6xq"},"id":"cnj1ktcdggn8ar7","previousOperationId":"tred1hsalfrmc5p"}
{"type":"log","timestamp":1760198517650,"level":"debug","message":"Converting with chrome Chrome/138.0.7204.168 using chrome-pool strategy","meta":{"rootId":"ncnkgdogv54w6xq","id":"ncnkgdogv54w6xq"},"id":"puwcvug6helb260","previousOperationId":"tred1hsalfrmc5p"}
{"type":"log","timestamp":1760198517707,"level":"debug","message":"Page request: GET (document) file:///C:/Users/Lenovo/AppData/Local/Temp/jsreport/autocleanup/9c2c6da0-a9b2-4738-a26e-1ee3627bcdb0-chrome-pdf.html","meta":{"rootId":"ncnkgdogv54w6xq","id":"ncnkgdogv54w6xq"},"id":"r40y9e2jwba3jgt","previousOperationId":"tred1hsalfrmc5p"}
{"type":"log","timestamp":1760198517761,"level":"debug","message":"Page request finished: GET (document) 200 file:///C:/Users/Lenovo/AppData/Local/Temp/jsreport/autocleanup/9c2c6da0-a9b2-4738-a26e-1ee3627bcdb0-chrome-pdf.html","meta":{"rootId":"ncnkgdogv54w6xq","id":"ncnkgdogv54w6xq"},"id":"dzgldxozwilxv8y","previousOperationId":"tred1hsalfrmc5p"}
{"type":"log","timestamp":1760198517773,"level":"debug","message":"Running chrome with params {\"printBackground\":true,\"timeout\":57851,\"margin\":{}}","meta":{"rootId":"ncnkgdogv54w6xq","id":"ncnkgdogv54w6xq"},"id":"jqjtdb3t34r4363","previousOperationId":"tred1hsalfrmc5p"}
{"type":"operationEnd","operationId":"tred1hsalfrmc5p","timestamp":1760198518019,"id":"lbn2kp8os408mh7","previousEventId":"0kk1hld8yg23ty1","previousOperationId":"tred1hsalfrmc5p"}
{"type":"log","timestamp":1760198518020,"level":"debug","message":"Skipping storing report.","meta":{"rootId":"ncnkgdogv54w6xq","id":"ncnkgdogv54w6xq"},"id":"2k2v86nftjtm0s8","previousOperationId":"tred1hsalfrmc5p"}
{"type":"log","timestamp":1760198518020,"level":"info","message":"Rendering request 1 finished in 2865 ms","meta":{"rootId":"ncnkgdogv54w6xq","id":"ncnkgdogv54w6xq"},"id":"bycao8zobuxu0kh","previousOperationId":"tred1hsalfrmc5p"}
{"type":"operationEnd","subtype":"render","operationId":"29k6ito6x6yyen3","timestamp":1760198518020,"id":"208mhejw4fa7zkj","previousEventId":"lbn2kp8os408mh7","previousOperationId":"tred1hsalfrmc5p"}
{"type":"operationEnd","doDiffs":false,"previousEventId":"azn7dhljpvm8wjq","previousOperationId":"90igj4oopxs1hh4","operationId":"90igj4oopxs1hh4","timestamp":1760198518022,"id":"z93fpa18bvfq5fp"}
