{"type":"operationStart","subtype":"profile","data":{"_id":"oa18fEZ9nP2pjfWy","timestamp":"2025-10-11T16:02:59.655Z","state":"queued","mode":"standard","creationDate":"2025-10-11T16:02:59.656Z","modificationDate":"2025-10-11T16:02:59.656Z","shortid":"vMYT0Ts","$entitySet":"profiles"},"doDiffs":false,"timestamp":1760198579656,"id":"kn51q8fi51lsvek","previousOperationId":null,"operationId":"ox0hmn0ub9u0ni4"}
{"type":"log","level":"info","message":"Render request 4 queued for execution and waiting for available worker","previousOperationId":"ox0hmn0ub9u0ni4","timestamp":1760198579656,"id":"v9xf9y5jk75wl9r"}
{"type":"operationStart","subtype":"render","name":"cotizacion","previousOperationId":"ox0hmn0ub9u0ni4","timestamp":1760198579662,"id":"sijpvlvh4ud3l2s","previousEventId":"kn51q8fi51lsvek","operationId":"hn5dploqb0aaqtv"}
{"type":"log","timestamp":1760198579662,"level":"info","message":"Starting rendering request 4","meta":{"rootId":"nfh74459zm3zbps","id":"nfh74459zm3zbps"},"id":"6x20rcmu9t89w72","previousOperationId":"hn5dploqb0aaqtv"}
{"type":"log","timestamp":1760198579662,"level":"info","message":"Rendering template { name: cotizacion, recipe: chrome-pdf, engine: handlebars, preview: false }","meta":{"rootId":"nfh74459zm3zbps","id":"nfh74459zm3zbps"},"id":"plmspkigv6h1djq","previousOperationId":"hn5dploqb0aaqtv"}
{"type":"log","timestamp":1760198579662,"level":"debug","message":"Inline data specified.","meta":{"rootId":"nfh74459zm3zbps","id":"nfh74459zm3zbps"},"id":"ce9m7od055x3zf1","previousOperationId":"hn5dploqb0aaqtv"}
{"type":"log","timestamp":1760198579663,"level":"debug","message":"Base url not specified, skipping its injection.","meta":{"rootId":"nfh74459zm3zbps","id":"nfh74459zm3zbps"},"id":"78zboovvmfjyawf","previousOperationId":"hn5dploqb0aaqtv"}
{"type":"operationStart","subtype":"engine","name":"handlebars","timestamp":1760198579663,"id":"whr36lmo9c2w1yd","previousEventId":"sijpvlvh4ud3l2s","operationId":"gyjjq3wnygi7d4v","previousOperationId":"hn5dploqb0aaqtv"}
{"type":"log","timestamp":1760198579663,"level":"debug","message":"Rendering engine handlebars","meta":{"rootId":"nfh74459zm3zbps","id":"nfh74459zm3zbps"},"id":"sgfx8jxyfojmbm5","previousOperationId":"gyjjq3wnygi7d4v"}
{"type":"operationEnd","operationId":"gyjjq3wnygi7d4v","timestamp":1760198579670,"id":"ken2wi84t377abd","previousEventId":"whr36lmo9c2w1yd","previousOperationId":"gyjjq3wnygi7d4v"}
{"type":"operationStart","subtype":"recipe","name":"chrome-pdf","timestamp":1760198579670,"id":"3ajat3bvrl6nudi","previousEventId":"ken2wi84t377abd","operationId":"pa7b9ogrrmxnsts","previousOperationId":"gyjjq3wnygi7d4v"}
{"type":"log","timestamp":1760198579670,"level":"debug","message":"Executing recipe chrome-pdf","meta":{"rootId":"nfh74459zm3zbps","id":"nfh74459zm3zbps"},"id":"bujuhhxa4auoxqc","previousOperationId":"pa7b9ogrrmxnsts"}
{"type":"log","timestamp":1760198579672,"level":"debug","message":"Converting with chrome Chrome/138.0.7204.168 using chrome-pool strategy","meta":{"rootId":"nfh74459zm3zbps","id":"nfh74459zm3zbps"},"id":"l4sr3u4s5uexfhq","previousOperationId":"pa7b9ogrrmxnsts"}
{"type":"log","timestamp":1760198579738,"level":"debug","message":"Page request: GET (document) file:///C:/Users/Lenovo/AppData/Local/Temp/jsreport/autocleanup/a6ee7eb8-1d5b-436d-9c6d-97ff7f02875f-chrome-pdf.html","meta":{"rootId":"nfh74459zm3zbps","id":"nfh74459zm3zbps"},"id":"936to11wpudaq4e","previousOperationId":"pa7b9ogrrmxnsts"}
{"type":"log","timestamp":1760198579752,"level":"debug","message":"Page request finished: GET (document) 200 file:///C:/Users/Lenovo/AppData/Local/Temp/jsreport/autocleanup/a6ee7eb8-1d5b-436d-9c6d-97ff7f02875f-chrome-pdf.html","meta":{"rootId":"nfh74459zm3zbps","id":"nfh74459zm3zbps"},"id":"fb959tdfnvx0rpr","previousOperationId":"pa7b9ogrrmxnsts"}
{"type":"log","timestamp":1760198579764,"level":"debug","message":"Running chrome with params {\"printBackground\":true,\"timeout\":59984,\"margin\":{}}","meta":{"rootId":"nfh74459zm3zbps","id":"nfh74459zm3zbps"},"id":"zer95o6smzysloi","previousOperationId":"pa7b9ogrrmxnsts"}
{"type":"operationEnd","operationId":"pa7b9ogrrmxnsts","timestamp":1760198580047,"id":"f7qev876wpl1gx8","previousEventId":"3ajat3bvrl6nudi","previousOperationId":"pa7b9ogrrmxnsts"}
{"type":"log","timestamp":1760198580047,"level":"debug","message":"Skipping storing report.","meta":{"rootId":"nfh74459zm3zbps","id":"nfh74459zm3zbps"},"id":"n07e9k33zft0jar","previousOperationId":"pa7b9ogrrmxnsts"}
{"type":"log","timestamp":1760198580047,"level":"info","message":"Rendering request 4 finished in 392 ms","meta":{"rootId":"nfh74459zm3zbps","id":"nfh74459zm3zbps"},"id":"4g06ehyp7ncz8fk","previousOperationId":"pa7b9ogrrmxnsts"}
{"type":"operationEnd","subtype":"render","operationId":"hn5dploqb0aaqtv","timestamp":1760198580048,"id":"5tollljap14p9u4","previousEventId":"f7qev876wpl1gx8","previousOperationId":"pa7b9ogrrmxnsts"}
{"type":"operationEnd","doDiffs":false,"previousEventId":"kn51q8fi51lsvek","previousOperationId":"ox0hmn0ub9u0ni4","operationId":"ox0hmn0ub9u0ni4","timestamp":1760198580050,"id":"37j2hxdexuhe773"}
