{"type":"operationStart","subtype":"profile","data":{"_id":"T0Rpxe6wev1xgzKa","timestamp":"2025-10-11T16:28:35.491Z","state":"queued","mode":"standard","creationDate":"2025-10-11T16:28:35.504Z","modificationDate":"2025-10-11T16:28:35.504Z","shortid":"twCsrQv","$entitySet":"profiles"},"doDiffs":false,"timestamp":1760200115496,"id":"i7uvgvi6r6gtjr5","previousOperationId":null,"operationId":"38til2dm8pqhjco"}
{"type":"log","level":"info","message":"Render request 1 queued for execution and waiting for available worker","previousOperationId":"38til2dm8pqhjco","timestamp":1760200115498,"id":"788sten3axy5cry"}
{"type":"operationStart","subtype":"render","name":"cotizacion","previousOperationId":"38til2dm8pqhjco","timestamp":1760200115615,"id":"65vt123zegrac4y","previousEventId":"i7uvgvi6r6gtjr5","operationId":"4ce5p6pj1t02au6"}
{"type":"log","timestamp":1760200115617,"level":"info","message":"Starting rendering request 1","meta":{"rootId":"q1iptref9hivwrc","id":"q1iptref9hivwrc"},"id":"ykg54svhwmglw8c","previousOperationId":"4ce5p6pj1t02au6"}
{"type":"log","timestamp":1760200115620,"level":"info","message":"Rendering template { name: cotizacion, recipe: chrome-pdf, engine: handlebars, preview: false }","meta":{"rootId":"q1iptref9hivwrc","id":"q1iptref9hivwrc"},"id":"phoupecdqclf87v","previousOperationId":"4ce5p6pj1t02au6"}
{"type":"log","timestamp":1760200115621,"level":"debug","message":"Inline data specified.","meta":{"rootId":"q1iptref9hivwrc","id":"q1iptref9hivwrc"},"id":"wd6jy9hmc0u807a","previousOperationId":"4ce5p6pj1t02au6"}
{"type":"log","timestamp":1760200115627,"level":"debug","message":"Base url not specified, skipping its injection.","meta":{"rootId":"q1iptref9hivwrc","id":"q1iptref9hivwrc"},"id":"xq8xi54umk0eynk","previousOperationId":"4ce5p6pj1t02au6"}
{"type":"operationStart","subtype":"engine","name":"handlebars","timestamp":1760200115632,"id":"kmxwcqmqyz9gqrg","previousEventId":"65vt123zegrac4y","operationId":"ix6a9hj17w49553","previousOperationId":"4ce5p6pj1t02au6"}
{"type":"log","timestamp":1760200115632,"level":"debug","message":"Rendering engine handlebars","meta":{"rootId":"q1iptref9hivwrc","id":"q1iptref9hivwrc"},"id":"kyb4nk0yg2i30aj","previousOperationId":"ix6a9hj17w49553"}
{"type":"operationEnd","operationId":"ix6a9hj17w49553","timestamp":1760200117420,"id":"0gmgnussmaq369d","previousEventId":"kmxwcqmqyz9gqrg","previousOperationId":"ix6a9hj17w49553"}
{"type":"operationStart","subtype":"recipe","name":"chrome-pdf","timestamp":1760200117421,"id":"g4f0mf1psitzmdh","previousEventId":"0gmgnussmaq369d","operationId":"oqs2z8uvbd2gk8c","previousOperationId":"ix6a9hj17w49553"}
{"type":"log","timestamp":1760200117421,"level":"debug","message":"Executing recipe chrome-pdf","meta":{"rootId":"q1iptref9hivwrc","id":"q1iptref9hivwrc"},"id":"0lmzz0f446h2xl4","previousOperationId":"oqs2z8uvbd2gk8c"}
{"type":"log","timestamp":1760200117779,"level":"debug","message":"Converting with chrome Chrome/138.0.7204.168 using chrome-pool strategy","meta":{"rootId":"q1iptref9hivwrc","id":"q1iptref9hivwrc"},"id":"y1l84sh5z61pj8t","previousOperationId":"oqs2z8uvbd2gk8c"}
{"type":"log","timestamp":1760200117840,"level":"debug","message":"Page request: GET (document) file:///C:/Users/Lenovo/AppData/Local/Temp/jsreport/autocleanup/d078c612-1d50-4b15-b48d-62a6cd633e9d-chrome-pdf.html","meta":{"rootId":"q1iptref9hivwrc","id":"q1iptref9hivwrc"},"id":"4cgx8ejjk2jign9","previousOperationId":"oqs2z8uvbd2gk8c"}
{"type":"log","timestamp":1760200117893,"level":"debug","message":"Page request finished: GET (document) 200 file:///C:/Users/Lenovo/AppData/Local/Temp/jsreport/autocleanup/d078c612-1d50-4b15-b48d-62a6cd633e9d-chrome-pdf.html","meta":{"rootId":"q1iptref9hivwrc","id":"q1iptref9hivwrc"},"id":"szaay08l39ut0ly","previousOperationId":"oqs2z8uvbd2gk8c"}
{"type":"log","timestamp":1760200117902,"level":"debug","message":"Running chrome with params {\"printBackground\":true,\"timeout\":58062,\"margin\":{}}","meta":{"rootId":"q1iptref9hivwrc","id":"q1iptref9hivwrc"},"id":"d7i0hbt58b1q5et","previousOperationId":"oqs2z8uvbd2gk8c"}
{"type":"operationEnd","operationId":"oqs2z8uvbd2gk8c","timestamp":1760200118133,"id":"b1zcbrxa19llsl7","previousEventId":"g4f0mf1psitzmdh","previousOperationId":"oqs2z8uvbd2gk8c"}
{"type":"log","timestamp":1760200118134,"level":"debug","message":"Skipping storing report.","meta":{"rootId":"q1iptref9hivwrc","id":"q1iptref9hivwrc"},"id":"qhp0b6r0emto2qq","previousOperationId":"oqs2z8uvbd2gk8c"}
{"type":"log","timestamp":1760200118134,"level":"info","message":"Rendering request 1 finished in 2646 ms","meta":{"rootId":"q1iptref9hivwrc","id":"q1iptref9hivwrc"},"id":"z2g7807nccsdlxm","previousOperationId":"oqs2z8uvbd2gk8c"}
{"type":"operationEnd","subtype":"render","operationId":"4ce5p6pj1t02au6","timestamp":1760200118134,"id":"s1uqzl4x8fnrekc","previousEventId":"b1zcbrxa19llsl7","previousOperationId":"oqs2z8uvbd2gk8c"}
{"type":"operationEnd","doDiffs":false,"previousEventId":"i7uvgvi6r6gtjr5","previousOperationId":"38til2dm8pqhjco","operationId":"38til2dm8pqhjco","timestamp":1760200118136,"id":"5z0uqukslqm5rcd"}
