{"type":"operationStart","subtype":"profile","data":{"_id":"LYWGTDiiiZz4PxLA","timestamp":"2025-10-11T16:02:36.578Z","state":"queued","mode":"standard","creationDate":"2025-10-11T16:02:36.580Z","modificationDate":"2025-10-11T16:02:36.580Z","shortid":"D5gkTq3","$entitySet":"profiles"},"doDiffs":false,"timestamp":1760198556579,"id":"po9t3ri2b47nxz9","previousOperationId":null,"operationId":"vssn2yxlpsiwqwc"}
{"type":"log","level":"info","message":"Render request 2 queued for execution and waiting for available worker","previousOperationId":"vssn2yxlpsiwqwc","timestamp":1760198556580,"id":"l46ln39mlvbo0zy"}
{"type":"operationStart","subtype":"render","name":"cotizacion","previousOperationId":"vssn2yxlpsiwqwc","timestamp":1760198556588,"id":"8hb0fue5qqgwomw","previousEventId":"po9t3ri2b47nxz9","operationId":"5305u56m24ru8bp"}
{"type":"log","timestamp":1760198556588,"level":"info","message":"Starting rendering request 2","meta":{"rootId":"thzv1norul0gfb2","id":"thzv1norul0gfb2"},"id":"hbxrn76cf0h8ii1","previousOperationId":"5305u56m24ru8bp"}
{"type":"log","timestamp":1760198556589,"level":"info","message":"Rendering template { name: cotizacion, recipe: chrome-pdf, engine: handlebars, preview: false }","meta":{"rootId":"thzv1norul0gfb2","id":"thzv1norul0gfb2"},"id":"ocby9jorce0cfu3","previousOperationId":"5305u56m24ru8bp"}
{"type":"log","timestamp":1760198556589,"level":"debug","message":"Inline data specified.","meta":{"rootId":"thzv1norul0gfb2","id":"thzv1norul0gfb2"},"id":"vz9vgx02zecbm9i","previousOperationId":"5305u56m24ru8bp"}
{"type":"log","timestamp":1760198556590,"level":"debug","message":"Base url not specified, skipping its injection.","meta":{"rootId":"thzv1norul0gfb2","id":"thzv1norul0gfb2"},"id":"cpb9foegn0mlh59","previousOperationId":"5305u56m24ru8bp"}
{"type":"operationStart","subtype":"engine","name":"handlebars","timestamp":1760198556591,"id":"pqhuqsfgitdztdl","previousEventId":"8hb0fue5qqgwomw","operationId":"pem1uslejsbyq8v","previousOperationId":"5305u56m24ru8bp"}
{"type":"log","timestamp":1760198556591,"level":"debug","message":"Rendering engine handlebars","meta":{"rootId":"thzv1norul0gfb2","id":"thzv1norul0gfb2"},"id":"mjf6isknwxiqsat","previousOperationId":"pem1uslejsbyq8v"}
{"type":"operationEnd","operationId":"pem1uslejsbyq8v","timestamp":1760198556935,"id":"42qxtdrcqogsvn5","previousEventId":"pqhuqsfgitdztdl","previousOperationId":"pem1uslejsbyq8v"}
{"type":"operationStart","subtype":"recipe","name":"chrome-pdf","timestamp":1760198556935,"id":"e7q86x9etpwn5bc","previousEventId":"42qxtdrcqogsvn5","operationId":"zmjlygq1pdq2wnx","previousOperationId":"pem1uslejsbyq8v"}
{"type":"log","timestamp":1760198556935,"level":"debug","message":"Executing recipe chrome-pdf","meta":{"rootId":"thzv1norul0gfb2","id":"thzv1norul0gfb2"},"id":"l9bmjbt10420eun","previousOperationId":"zmjlygq1pdq2wnx"}
{"type":"log","timestamp":1760198557326,"level":"debug","message":"Converting with chrome Chrome/138.0.7204.168 using chrome-pool strategy","meta":{"rootId":"thzv1norul0gfb2","id":"thzv1norul0gfb2"},"id":"hht75pk2qqs6ltf","previousOperationId":"zmjlygq1pdq2wnx"}
{"type":"log","timestamp":1760198557395,"level":"debug","message":"Page request: GET (document) file:///C:/Users/Lenovo/AppData/Local/Temp/jsreport/autocleanup/2310fa29-d344-46e7-a4a5-c672aae6a32c-chrome-pdf.html","meta":{"rootId":"thzv1norul0gfb2","id":"thzv1norul0gfb2"},"id":"ipptm2uabsmbqqw","previousOperationId":"zmjlygq1pdq2wnx"}
{"type":"log","timestamp":1760198557447,"level":"debug","message":"Page request finished: GET (document) 200 file:///C:/Users/Lenovo/AppData/Local/Temp/jsreport/autocleanup/2310fa29-d344-46e7-a4a5-c672aae6a32c-chrome-pdf.html","meta":{"rootId":"thzv1norul0gfb2","id":"thzv1norul0gfb2"},"id":"55ihkchhoe2jpj1","previousOperationId":"zmjlygq1pdq2wnx"}
{"type":"log","timestamp":1760198557460,"level":"debug","message":"Running chrome with params {\"printBackground\":true,\"timeout\":59635,\"margin\":{}}","meta":{"rootId":"thzv1norul0gfb2","id":"thzv1norul0gfb2"},"id":"x15fcbqfblpaqci","previousOperationId":"zmjlygq1pdq2wnx"}
{"type":"operationEnd","operationId":"zmjlygq1pdq2wnx","timestamp":1760198557742,"id":"ebg0red5gywocod","previousEventId":"e7q86x9etpwn5bc","previousOperationId":"zmjlygq1pdq2wnx"}
{"type":"log","timestamp":1760198557742,"level":"debug","message":"Skipping storing report.","meta":{"rootId":"thzv1norul0gfb2","id":"thzv1norul0gfb2"},"id":"6e6pj4y5823txdw","previousOperationId":"zmjlygq1pdq2wnx"}
{"type":"log","timestamp":1760198557742,"level":"info","message":"Rendering request 2 finished in 1164 ms","meta":{"rootId":"thzv1norul0gfb2","id":"thzv1norul0gfb2"},"id":"jskzqjyk73jf2u2","previousOperationId":"zmjlygq1pdq2wnx"}
{"type":"operationEnd","subtype":"render","operationId":"5305u56m24ru8bp","timestamp":1760198557742,"id":"if1ud94isrknulu","previousEventId":"ebg0red5gywocod","previousOperationId":"zmjlygq1pdq2wnx"}
{"type":"operationEnd","doDiffs":false,"previousEventId":"po9t3ri2b47nxz9","previousOperationId":"vssn2yxlpsiwqwc","operationId":"vssn2yxlpsiwqwc","timestamp":1760198557744,"id":"3yhkgp9yrx7lvg6"}
