{"type":"operationStart","subtype":"profile","data":{"_id":"RlNq90K7Pb2NbRUz","timestamp":"2025-10-11T16:06:54.853Z","state":"queued","mode":"standard","creationDate":"2025-10-11T16:06:54.856Z","modificationDate":"2025-10-11T16:06:54.856Z","shortid":"uQuJlRM","$entitySet":"profiles"},"doDiffs":false,"timestamp":1760198814855,"id":"x3788q1mdp649gg","previousOperationId":null,"operationId":"kc3ndn5p7bwifhp"}
{"type":"log","level":"info","message":"Render request 1 queued for execution and waiting for available worker","previousOperationId":"kc3ndn5p7bwifhp","timestamp":1760198814855,"id":"rri1h7kfa2cl2sm"}
{"type":"operationStart","subtype":"render","name":"cotizacion","previousOperationId":"kc3ndn5p7bwifhp","timestamp":1760198814871,"id":"euhv1hwuipz9x8e","previousEventId":"x3788q1mdp649gg","operationId":"5zpnlhbd3r0vkog"}
{"type":"log","timestamp":1760198814871,"level":"info","message":"Starting rendering request 1","meta":{"rootId":"vnesi5zu5qjgvhl","id":"vnesi5zu5qjgvhl"},"id":"0rfixohlf112a8i","previousOperationId":"5zpnlhbd3r0vkog"}
{"type":"log","timestamp":1760198814872,"level":"info","message":"Rendering template { name: cotizacion, recipe: chrome-pdf, engine: handlebars, preview: false }","meta":{"rootId":"vnesi5zu5qjgvhl","id":"vnesi5zu5qjgvhl"},"id":"hkfeu4e47cjfhq0","previousOperationId":"5zpnlhbd3r0vkog"}
{"type":"log","timestamp":1760198814872,"level":"debug","message":"Inline data specified.","meta":{"rootId":"vnesi5zu5qjgvhl","id":"vnesi5zu5qjgvhl"},"id":"g7y1m09hvuy7cqb","previousOperationId":"5zpnlhbd3r0vkog"}
{"type":"log","timestamp":1760198814873,"level":"debug","message":"Base url not specified, skipping its injection.","meta":{"rootId":"vnesi5zu5qjgvhl","id":"vnesi5zu5qjgvhl"},"id":"fd917xe8edez6qo","previousOperationId":"5zpnlhbd3r0vkog"}
{"type":"operationStart","subtype":"engine","name":"handlebars","timestamp":1760198814874,"id":"dk0esglpwp70ka2","previousEventId":"euhv1hwuipz9x8e","operationId":"a0jhn6e0s76ba4f","previousOperationId":"5zpnlhbd3r0vkog"}
{"type":"log","timestamp":1760198814874,"level":"debug","message":"Rendering engine handlebars","meta":{"rootId":"vnesi5zu5qjgvhl","id":"vnesi5zu5qjgvhl"},"id":"v7ohq9b7pe4ocey","previousOperationId":"a0jhn6e0s76ba4f"}
{"type":"operationEnd","operationId":"a0jhn6e0s76ba4f","timestamp":1760198815206,"id":"j5gtlc3eopegu1c","previousEventId":"dk0esglpwp70ka2","previousOperationId":"a0jhn6e0s76ba4f"}
{"type":"operationStart","subtype":"recipe","name":"chrome-pdf","timestamp":1760198815207,"id":"p028ws8x93ln68a","previousEventId":"j5gtlc3eopegu1c","operationId":"mm2d43mz79auqmd","previousOperationId":"a0jhn6e0s76ba4f"}
{"type":"log","timestamp":1760198815207,"level":"debug","message":"Executing recipe chrome-pdf","meta":{"rootId":"vnesi5zu5qjgvhl","id":"vnesi5zu5qjgvhl"},"id":"erqacrzdpbxmkcn","previousOperationId":"mm2d43mz79auqmd"}
{"type":"log","timestamp":1760198815613,"level":"debug","message":"Converting with chrome Chrome/138.0.7204.168 using chrome-pool strategy","meta":{"rootId":"vnesi5zu5qjgvhl","id":"vnesi5zu5qjgvhl"},"id":"4w876lte389mwic","previousOperationId":"mm2d43mz79auqmd"}
{"type":"log","timestamp":1760198815682,"level":"debug","message":"Page request: GET (document) file:///C:/Users/Lenovo/AppData/Local/Temp/jsreport/autocleanup/cbab04c1-a56d-4fe2-8dc5-2f7b561d2763-chrome-pdf.html","meta":{"rootId":"vnesi5zu5qjgvhl","id":"vnesi5zu5qjgvhl"},"id":"hixz2c1nemkfaxa","previousOperationId":"mm2d43mz79auqmd"}
{"type":"log","timestamp":1760198815711,"level":"debug","message":"Page request finished: GET (document) 200 file:///C:/Users/Lenovo/AppData/Local/Temp/jsreport/autocleanup/cbab04c1-a56d-4fe2-8dc5-2f7b561d2763-chrome-pdf.html","meta":{"rootId":"vnesi5zu5qjgvhl","id":"vnesi5zu5qjgvhl"},"id":"no7dd3irklh3d04","previousOperationId":"mm2d43mz79auqmd"}
{"type":"log","timestamp":1760198815721,"level":"debug","message":"Running chrome with params {\"printBackground\":true,\"timeout\":59637,\"margin\":{}}","meta":{"rootId":"vnesi5zu5qjgvhl","id":"vnesi5zu5qjgvhl"},"id":"t43fkiasc1xbu5o","previousOperationId":"mm2d43mz79auqmd"}
{"type":"operationEnd","operationId":"mm2d43mz79auqmd","timestamp":1760198815970,"id":"baqb2t47qogj3zi","previousEventId":"p028ws8x93ln68a","previousOperationId":"mm2d43mz79auqmd"}
{"type":"log","timestamp":1760198815971,"level":"debug","message":"Skipping storing report.","meta":{"rootId":"vnesi5zu5qjgvhl","id":"vnesi5zu5qjgvhl"},"id":"m1t2zvbegyrx2j9","previousOperationId":"mm2d43mz79auqmd"}
{"type":"log","timestamp":1760198815971,"level":"info","message":"Rendering request 1 finished in 1119 ms","meta":{"rootId":"vnesi5zu5qjgvhl","id":"vnesi5zu5qjgvhl"},"id":"9nu6754nhztnnh2","previousOperationId":"mm2d43mz79auqmd"}
{"type":"operationEnd","subtype":"render","operationId":"5zpnlhbd3r0vkog","timestamp":1760198815971,"id":"z8aixwqilo8bsz4","previousEventId":"baqb2t47qogj3zi","previousOperationId":"mm2d43mz79auqmd"}
{"type":"operationEnd","doDiffs":false,"previousEventId":"x3788q1mdp649gg","previousOperationId":"kc3ndn5p7bwifhp","operationId":"kc3ndn5p7bwifhp","timestamp":1760198815973,"id":"0p4fkds36olhs0h"}
