{"type":"operationStart","subtype":"profile","data":{"_id":"6RnigRw5uFno4m5S","timestamp":"2025-10-11T16:13:35.816Z","state":"queued","mode":"standard","creationDate":"2025-10-11T16:13:35.817Z","modificationDate":"2025-10-11T16:13:35.817Z","shortid":"o-m05rL","$entitySet":"profiles"},"doDiffs":false,"timestamp":1760199215817,"id":"6xhbrp0d04cq1yg","previousOperationId":null,"operationId":"k0jeachetriv2ej"}
{"type":"log","level":"info","message":"Render request 1 queued for execution and waiting for available worker","previousOperationId":"k0jeachetriv2ej","timestamp":1760199215817,"id":"x52suql2q54q2ta"}
{"type":"operationStart","subtype":"render","name":"cotizacion","previousOperationId":"k0jeachetriv2ej","timestamp":1760199215835,"id":"tgc4wn92n6yq1bx","previousEventId":"6xhbrp0d04cq1yg","operationId":"mrr8sflf58pg7xm"}
{"type":"log","timestamp":1760199215835,"level":"info","message":"Starting rendering request 1","meta":{"rootId":"wizneeiqcpe3yph","id":"wizneeiqcpe3yph"},"id":"dxmhocrd449om5z","previousOperationId":"mrr8sflf58pg7xm"}
{"type":"log","timestamp":1760199215836,"level":"info","message":"Rendering template { name: cotizacion, recipe: chrome-pdf, engine: handlebars, preview: false }","meta":{"rootId":"wizneeiqcpe3yph","id":"wizneeiqcpe3yph"},"id":"gmawhtolh5snvoz","previousOperationId":"mrr8sflf58pg7xm"}
{"type":"log","timestamp":1760199215836,"level":"debug","message":"Inline data specified.","meta":{"rootId":"wizneeiqcpe3yph","id":"wizneeiqcpe3yph"},"id":"sp73j47ktzhzqnv","previousOperationId":"mrr8sflf58pg7xm"}
{"type":"log","timestamp":1760199215837,"level":"debug","message":"Base url not specified, skipping its injection.","meta":{"rootId":"wizneeiqcpe3yph","id":"wizneeiqcpe3yph"},"id":"2hhq54h0vvp1j6n","previousOperationId":"mrr8sflf58pg7xm"}
{"type":"operationStart","subtype":"engine","name":"handlebars","timestamp":1760199215838,"id":"ewea8abj9irol6f","previousEventId":"tgc4wn92n6yq1bx","operationId":"t09vcpesvn1fs7x","previousOperationId":"mrr8sflf58pg7xm"}
{"type":"log","timestamp":1760199215838,"level":"debug","message":"Rendering engine handlebars","meta":{"rootId":"wizneeiqcpe3yph","id":"wizneeiqcpe3yph"},"id":"a30e1tvhbbcekd2","previousOperationId":"t09vcpesvn1fs7x"}
{"type":"operationEnd","operationId":"t09vcpesvn1fs7x","timestamp":1760199216178,"id":"0a8jhukrzbl22st","previousEventId":"ewea8abj9irol6f","previousOperationId":"t09vcpesvn1fs7x"}
{"type":"operationStart","subtype":"recipe","name":"chrome-pdf","timestamp":1760199216178,"id":"zb0e4ltkl09hfmq","previousEventId":"0a8jhukrzbl22st","operationId":"o66wzup2spcbqyj","previousOperationId":"t09vcpesvn1fs7x"}
{"type":"log","timestamp":1760199216178,"level":"debug","message":"Executing recipe chrome-pdf","meta":{"rootId":"wizneeiqcpe3yph","id":"wizneeiqcpe3yph"},"id":"voha6cuwcrz2ju7","previousOperationId":"o66wzup2spcbqyj"}
{"type":"log","timestamp":1760199216536,"level":"debug","message":"Converting with chrome Chrome/138.0.7204.168 using chrome-pool strategy","meta":{"rootId":"wizneeiqcpe3yph","id":"wizneeiqcpe3yph"},"id":"3vopj5ys3djq9pm","previousOperationId":"o66wzup2spcbqyj"}
{"type":"log","timestamp":1760199216595,"level":"debug","message":"Page request: GET (document) file:///C:/Users/Lenovo/AppData/Local/Temp/jsreport/autocleanup/2e14180d-3789-4725-adf8-7f254d76f519-chrome-pdf.html","meta":{"rootId":"wizneeiqcpe3yph","id":"wizneeiqcpe3yph"},"id":"4utzn6akbb4dhbg","previousOperationId":"o66wzup2spcbqyj"}
{"type":"log","timestamp":1760199216631,"level":"debug","message":"Page request finished: GET (document) 200 file:///C:/Users/Lenovo/AppData/Local/Temp/jsreport/autocleanup/2e14180d-3789-4725-adf8-7f254d76f519-chrome-pdf.html","meta":{"rootId":"wizneeiqcpe3yph","id":"wizneeiqcpe3yph"},"id":"clhtq8jgdib69in","previousOperationId":"o66wzup2spcbqyj"}
{"type":"log","timestamp":1760199216642,"level":"debug","message":"Running chrome with params {\"printBackground\":true,\"timeout\":59628,\"margin\":{}}","meta":{"rootId":"wizneeiqcpe3yph","id":"wizneeiqcpe3yph"},"id":"awlxuxjfxuaj222","previousOperationId":"o66wzup2spcbqyj"}
{"type":"operationEnd","operationId":"o66wzup2spcbqyj","timestamp":1760199216887,"id":"jqjhrbhvl7ijokk","previousEventId":"zb0e4ltkl09hfmq","previousOperationId":"o66wzup2spcbqyj"}
{"type":"log","timestamp":1760199216887,"level":"debug","message":"Skipping storing report.","meta":{"rootId":"wizneeiqcpe3yph","id":"wizneeiqcpe3yph"},"id":"y52hpiwi6xvkg3o","previousOperationId":"o66wzup2spcbqyj"}
{"type":"log","timestamp":1760199216887,"level":"info","message":"Rendering request 1 finished in 1073 ms","meta":{"rootId":"wizneeiqcpe3yph","id":"wizneeiqcpe3yph"},"id":"31znon3xzkxmg4p","previousOperationId":"o66wzup2spcbqyj"}
{"type":"operationEnd","subtype":"render","operationId":"mrr8sflf58pg7xm","timestamp":1760199216888,"id":"lde79gzukyhg25g","previousEventId":"jqjhrbhvl7ijokk","previousOperationId":"o66wzup2spcbqyj"}
{"type":"operationEnd","doDiffs":false,"previousEventId":"6xhbrp0d04cq1yg","previousOperationId":"k0jeachetriv2ej","operationId":"k0jeachetriv2ej","timestamp":1760199216890,"id":"nq1x90sqmuel5g8"}
