{"type":"operationStart","subtype":"profile","data":{"_id":"nWj3aZ5JQSD0i5aD","timestamp":"2025-10-11T16:10:12.515Z","state":"queued","mode":"standard","creationDate":"2025-10-11T16:10:12.516Z","modificationDate":"2025-10-11T16:10:12.516Z","shortid":"wHCjm1I","$entitySet":"profiles"},"doDiffs":false,"timestamp":1760199012516,"id":"uggwzb0pdculac0","previousOperationId":null,"operationId":"h8ou52a2sqqte74"}
{"type":"log","level":"info","message":"Render request 2 queued for execution and waiting for available worker","previousOperationId":"h8ou52a2sqqte74","timestamp":1760199012516,"id":"pmuxbwiu5lgjn6t"}
{"type":"operationStart","subtype":"render","name":"cotizacion","previousOperationId":"h8ou52a2sqqte74","timestamp":1760199012521,"id":"03ywlg61uqneadz","previousEventId":"uggwzb0pdculac0","operationId":"vkzfj1chl4rqgo5"}
{"type":"log","timestamp":1760199012522,"level":"info","message":"Starting rendering request 2","meta":{"rootId":"wvapbk2smeozlsh","id":"wvapbk2smeozlsh"},"id":"b6av8gnkj8obt7f","previousOperationId":"vkzfj1chl4rqgo5"}
{"type":"log","timestamp":1760199012522,"level":"info","message":"Rendering template { name: cotizacion, recipe: chrome-pdf, engine: handlebars, preview: false }","meta":{"rootId":"wvapbk2smeozlsh","id":"wvapbk2smeozlsh"},"id":"28ua2hgtggbtke1","previousOperationId":"vkzfj1chl4rqgo5"}
{"type":"log","timestamp":1760199012522,"level":"debug","message":"Inline data specified.","meta":{"rootId":"wvapbk2smeozlsh","id":"wvapbk2smeozlsh"},"id":"q54jek9v3qx7y41","previousOperationId":"vkzfj1chl4rqgo5"}
{"type":"log","timestamp":1760199012523,"level":"debug","message":"Base url not specified, skipping its injection.","meta":{"rootId":"wvapbk2smeozlsh","id":"wvapbk2smeozlsh"},"id":"1q01tofzgq90qfz","previousOperationId":"vkzfj1chl4rqgo5"}
{"type":"operationStart","subtype":"engine","name":"handlebars","timestamp":1760199012524,"id":"1hf2656f7bnl036","previousEventId":"03ywlg61uqneadz","operationId":"8jt09fgbeow3xha","previousOperationId":"vkzfj1chl4rqgo5"}
{"type":"log","timestamp":1760199012524,"level":"debug","message":"Rendering engine handlebars","meta":{"rootId":"wvapbk2smeozlsh","id":"wvapbk2smeozlsh"},"id":"ysvawd1amofgjxq","previousOperationId":"8jt09fgbeow3xha"}
{"type":"operationEnd","operationId":"8jt09fgbeow3xha","timestamp":1760199012854,"id":"a4fkzptmljelyhv","previousEventId":"1hf2656f7bnl036","previousOperationId":"8jt09fgbeow3xha"}
{"type":"operationStart","subtype":"recipe","name":"chrome-pdf","timestamp":1760199012855,"id":"j8thuut1yfeq890","previousEventId":"a4fkzptmljelyhv","operationId":"t503obpcqwz7t1s","previousOperationId":"8jt09fgbeow3xha"}
{"type":"log","timestamp":1760199012855,"level":"debug","message":"Executing recipe chrome-pdf","meta":{"rootId":"wvapbk2smeozlsh","id":"wvapbk2smeozlsh"},"id":"sntayoqsrz3gxi5","previousOperationId":"t503obpcqwz7t1s"}
{"type":"log","timestamp":1760199013292,"level":"debug","message":"Converting with chrome Chrome/138.0.7204.168 using chrome-pool strategy","meta":{"rootId":"wvapbk2smeozlsh","id":"wvapbk2smeozlsh"},"id":"hqq9laym8fmnhp2","previousOperationId":"t503obpcqwz7t1s"}
{"type":"log","timestamp":1760199013383,"level":"debug","message":"Page request: GET (document) file:///C:/Users/Lenovo/AppData/Local/Temp/jsreport/autocleanup/a5f11096-5dd9-4cf3-a880-e41c75908d2f-chrome-pdf.html","meta":{"rootId":"wvapbk2smeozlsh","id":"wvapbk2smeozlsh"},"id":"c0ocxz680dxbobe","previousOperationId":"t503obpcqwz7t1s"}
{"type":"log","timestamp":1760199013448,"level":"debug","message":"Page request finished: GET (document) 200 file:///C:/Users/Lenovo/AppData/Local/Temp/jsreport/autocleanup/a5f11096-5dd9-4cf3-a880-e41c75908d2f-chrome-pdf.html","meta":{"rootId":"wvapbk2smeozlsh","id":"wvapbk2smeozlsh"},"id":"kis2zobsm0xu9b2","previousOperationId":"t503obpcqwz7t1s"}
{"type":"log","timestamp":1760199013461,"level":"debug","message":"Running chrome with params {\"printBackground\":true,\"timeout\":59651,\"margin\":{}}","meta":{"rootId":"wvapbk2smeozlsh","id":"wvapbk2smeozlsh"},"id":"laq0bpj0e8ha1ux","previousOperationId":"t503obpcqwz7t1s"}
{"type":"operationEnd","operationId":"t503obpcqwz7t1s","timestamp":1760199013794,"id":"gnx4c40dlnmuabo","previousEventId":"j8thuut1yfeq890","previousOperationId":"t503obpcqwz7t1s"}
{"type":"log","timestamp":1760199013798,"level":"debug","message":"Skipping storing report.","meta":{"rootId":"wvapbk2smeozlsh","id":"wvapbk2smeozlsh"},"id":"c0ug4iccukqbpgb","previousOperationId":"t503obpcqwz7t1s"}
{"type":"log","timestamp":1760199013798,"level":"info","message":"Rendering request 2 finished in 1284 ms","meta":{"rootId":"wvapbk2smeozlsh","id":"wvapbk2smeozlsh"},"id":"1zi5spf4egqtkhb","previousOperationId":"t503obpcqwz7t1s"}
{"type":"operationEnd","subtype":"render","operationId":"vkzfj1chl4rqgo5","timestamp":1760199013799,"id":"kychllb88cugfd7","previousEventId":"gnx4c40dlnmuabo","previousOperationId":"t503obpcqwz7t1s"}
{"type":"operationEnd","doDiffs":false,"previousEventId":"uggwzb0pdculac0","previousOperationId":"h8ou52a2sqqte74","operationId":"h8ou52a2sqqte74","timestamp":1760199013810,"id":"xe0658opec4mr3m"}
