{"type":"operationStart","subtype":"profile","data":{"_id":"gUthTgqkHGDvSTAt","timestamp":"2025-10-11T16:21:34.837Z","state":"queued","mode":"standard","creationDate":"2025-10-11T16:21:34.843Z","modificationDate":"2025-10-11T16:21:34.843Z","shortid":"-jTAFPA","$entitySet":"profiles"},"doDiffs":false,"timestamp":1760199694839,"id":"rq4pwnmxsj0n015","previousOperationId":null,"operationId":"jkeilqtyzft681p"}
{"type":"log","level":"info","message":"Render request 2 queued for execution and waiting for available worker","previousOperationId":"jkeilqtyzft681p","timestamp":1760199694840,"id":"lbtg6pwuy20mauz"}
{"type":"operationStart","subtype":"render","name":"cotizacion","previousOperationId":"jkeilqtyzft681p","timestamp":1760199694905,"id":"986nyv593s8lk5k","previousEventId":"rq4pwnmxsj0n015","operationId":"pg7yxmxdenolf5n"}
{"type":"log","timestamp":1760199694907,"level":"info","message":"Starting rendering request 2","meta":{"rootId":"yvhjmu7bbpf4onz","id":"yvhjmu7bbpf4onz"},"id":"7t748sjbpqpon5l","previousOperationId":"pg7yxmxdenolf5n"}
{"type":"log","timestamp":1760199694910,"level":"info","message":"Rendering template { name: cotizacion, recipe: chrome-pdf, engine: handlebars, preview: true }","meta":{"rootId":"yvhjmu7bbpf4onz","id":"yvhjmu7bbpf4onz"},"id":"n3n5zs2hi8tvk57","previousOperationId":"pg7yxmxdenolf5n"}
{"type":"log","timestamp":1760199694911,"level":"debug","message":"Data item not defined for this template.","meta":{"rootId":"yvhjmu7bbpf4onz","id":"yvhjmu7bbpf4onz"},"id":"vh8nmifiagzewcu","previousOperationId":"pg7yxmxdenolf5n"}
{"type":"log","timestamp":1760199694917,"level":"debug","message":"Base url not specified, skipping its injection.","meta":{"rootId":"yvhjmu7bbpf4onz","id":"yvhjmu7bbpf4onz"},"id":"wfb54g3vrgnc5uo","previousOperationId":"pg7yxmxdenolf5n"}
{"type":"operationStart","subtype":"engine","name":"handlebars","timestamp":1760199694921,"id":"v2gkfa36k4m6g2f","previousEventId":"986nyv593s8lk5k","operationId":"rndu2hdxvt99pat","previousOperationId":"pg7yxmxdenolf5n"}
{"type":"log","timestamp":1760199694921,"level":"debug","message":"Rendering engine handlebars","meta":{"rootId":"yvhjmu7bbpf4onz","id":"yvhjmu7bbpf4onz"},"id":"f86ujuc3u4etfnl","previousOperationId":"rndu2hdxvt99pat"}
{"type":"operationEnd","operationId":"rndu2hdxvt99pat","timestamp":1760199696739,"id":"6vtb9qaa3suppfb","previousEventId":"v2gkfa36k4m6g2f","previousOperationId":"rndu2hdxvt99pat"}
{"type":"operationStart","subtype":"recipe","name":"chrome-pdf","timestamp":1760199696741,"id":"gjswikw0nld4oke","previousEventId":"6vtb9qaa3suppfb","operationId":"d7z9ro5y7dow6hv","previousOperationId":"rndu2hdxvt99pat"}
{"type":"log","timestamp":1760199696742,"level":"debug","message":"Executing recipe chrome-pdf","meta":{"rootId":"yvhjmu7bbpf4onz","id":"yvhjmu7bbpf4onz"},"id":"3awch9t4q9kzhu8","previousOperationId":"d7z9ro5y7dow6hv"}
{"type":"log","timestamp":1760199697130,"level":"debug","message":"Converting with chrome Chrome/138.0.7204.168 using chrome-pool strategy","meta":{"rootId":"yvhjmu7bbpf4onz","id":"yvhjmu7bbpf4onz"},"id":"9rplke1th88u0x7","previousOperationId":"d7z9ro5y7dow6hv"}
{"type":"log","timestamp":1760199697201,"level":"debug","message":"Page request: GET (document) file:///C:/Users/Lenovo/AppData/Local/Temp/jsreport/autocleanup/6fe957fb-491f-48d1-82a3-7b7ac5cf8f15-chrome-pdf.html","meta":{"rootId":"yvhjmu7bbpf4onz","id":"yvhjmu7bbpf4onz"},"id":"hm5q91dip8lurye","previousOperationId":"d7z9ro5y7dow6hv"}
{"type":"log","timestamp":1760199697218,"level":"debug","message":"Page request finished: GET (document) 200 file:///C:/Users/Lenovo/AppData/Local/Temp/jsreport/autocleanup/6fe957fb-491f-48d1-82a3-7b7ac5cf8f15-chrome-pdf.html","meta":{"rootId":"yvhjmu7bbpf4onz","id":"yvhjmu7bbpf4onz"},"id":"sd0nln23serkphc","previousOperationId":"d7z9ro5y7dow6hv"}
{"type":"log","timestamp":1760199697225,"level":"debug","message":"Running chrome with params {\"printBackground\":true,\"timeout\":58073,\"margin\":{}}","meta":{"rootId":"yvhjmu7bbpf4onz","id":"yvhjmu7bbpf4onz"},"id":"9cepyn6ck9l1x66","previousOperationId":"d7z9ro5y7dow6hv"}
{"type":"operationEnd","operationId":"d7z9ro5y7dow6hv","timestamp":1760199697443,"id":"aoiua300hrl5o7g","previousEventId":"gjswikw0nld4oke","previousOperationId":"d7z9ro5y7dow6hv"}
{"type":"log","timestamp":1760199697445,"level":"debug","message":"Skipping storing report.","meta":{"rootId":"yvhjmu7bbpf4onz","id":"yvhjmu7bbpf4onz"},"id":"v4e3w3t46lbwde0","previousOperationId":"d7z9ro5y7dow6hv"}
{"type":"log","timestamp":1760199697445,"level":"info","message":"Rendering request 2 finished in 2610 ms","meta":{"rootId":"yvhjmu7bbpf4onz","id":"yvhjmu7bbpf4onz"},"id":"ztggw21gzb6wxkh","previousOperationId":"d7z9ro5y7dow6hv"}
{"type":"operationEnd","subtype":"render","operationId":"pg7yxmxdenolf5n","timestamp":1760199697445,"id":"ep53jco2osb91pt","previousEventId":"aoiua300hrl5o7g","previousOperationId":"d7z9ro5y7dow6hv"}
{"type":"operationEnd","doDiffs":false,"previousEventId":"rq4pwnmxsj0n015","previousOperationId":"jkeilqtyzft681p","operationId":"jkeilqtyzft681p","timestamp":1760199697457,"id":"dud0p3tkp300lqh"}
