{"type":"operationStart","subtype":"profile","data":{"_id":"ODUYveTbj1tSPTSi","timestamp":"2025-10-11T17:20:50.351Z","state":"queued","mode":"standard","creationDate":"2025-10-11T17:20:50.355Z","modificationDate":"2025-10-11T17:20:50.355Z","shortid":"ryN5lKM","$entitySet":"profiles"},"doDiffs":false,"timestamp":1760203250353,"id":"8d72bt6nqg4mmk1","previousOperationId":null,"operationId":"c5fyz71sjjxm6zh"}
{"type":"log","level":"info","message":"Render request 3 queued for execution and waiting for available worker","previousOperationId":"c5fyz71sjjxm6zh","timestamp":1760203250353,"id":"d5lf0pmjp7heceo"}
{"type":"operationStart","subtype":"render","name":"orders-header","previousOperationId":"c5fyz71sjjxm6zh","timestamp":1760203250386,"id":"9e9l84om7yq9seh","previousEventId":"8d72bt6nqg4mmk1","operationId":"7nz58fspzabjhdl"}
{"type":"log","timestamp":1760203250387,"level":"info","message":"Starting rendering request 3","meta":{"rootId":"x9eqvx7424drkh1","id":"x9eqvx7424drkh1"},"id":"jl3pt3h22llfke9","previousOperationId":"7nz58fspzabjhdl"}
{"type":"log","timestamp":1760203250388,"level":"info","message":"Rendering template { name: orders-header, recipe: chrome-pdf, engine: handlebars, preview: true }","meta":{"rootId":"x9eqvx7424drkh1","id":"x9eqvx7424drkh1"},"id":"vz5d9u48p5kflc5","previousOperationId":"7nz58fspzabjhdl"}
{"type":"log","timestamp":1760203250393,"level":"debug","message":"Data item not defined for this template.","meta":{"rootId":"x9eqvx7424drkh1","id":"x9eqvx7424drkh1"},"id":"9wtvm0jr117age7","previousOperationId":"7nz58fspzabjhdl"}
{"type":"log","timestamp":1760203250417,"level":"debug","message":"Base url not specified, skipping its injection.","meta":{"rootId":"x9eqvx7424drkh1","id":"x9eqvx7424drkh1"},"id":"ckyo73k8wpg15w1","previousOperationId":"7nz58fspzabjhdl"}
{"type":"operationStart","subtype":"engine","name":"handlebars","timestamp":1760203250418,"id":"gpbkzontm93j5mg","previousEventId":"9e9l84om7yq9seh","operationId":"lieeh2gom3iqrkw","previousOperationId":"7nz58fspzabjhdl"}
{"type":"log","timestamp":1760203250419,"level":"debug","message":"Rendering engine handlebars","meta":{"rootId":"x9eqvx7424drkh1","id":"x9eqvx7424drkh1"},"id":"s5umurl2au52e3v","previousOperationId":"lieeh2gom3iqrkw"}
{"type":"operationEnd","operationId":"lieeh2gom3iqrkw","timestamp":1760203250517,"id":"ph8hun0o9b1nu77","previousEventId":"gpbkzontm93j5mg","previousOperationId":"lieeh2gom3iqrkw"}
{"type":"operationStart","subtype":"recipe","name":"chrome-pdf","timestamp":1760203250519,"id":"urryvij6pv3c6aj","previousEventId":"ph8hun0o9b1nu77","operationId":"foanvn0v4g50kz6","previousOperationId":"lieeh2gom3iqrkw"}
{"type":"log","timestamp":1760203250519,"level":"debug","message":"Executing recipe chrome-pdf","meta":{"rootId":"x9eqvx7424drkh1","id":"x9eqvx7424drkh1"},"id":"x1nxe7pp5jp1o45","previousOperationId":"foanvn0v4g50kz6"}
{"type":"log","timestamp":1760203250527,"level":"debug","message":"Converting with chrome Chrome/138.0.7204.168 using chrome-pool strategy","meta":{"rootId":"x9eqvx7424drkh1","id":"x9eqvx7424drkh1"},"id":"1hwt9fjk4eynf6g","previousOperationId":"foanvn0v4g50kz6"}
{"type":"log","timestamp":1760203250692,"level":"debug","message":"Page request: GET (document) file:///C:/Users/Lenovo/AppData/Local/Temp/jsreport/autocleanup/d08b32a1-0927-4c4d-86db-69b1d2ecfde9-chrome-pdf.html","meta":{"rootId":"x9eqvx7424drkh1","id":"x9eqvx7424drkh1"},"id":"pw7usbey8ph370u","previousOperationId":"foanvn0v4g50kz6"}
{"type":"log","timestamp":1760203250799,"level":"debug","message":"Page request finished: GET (document) 200 file:///C:/Users/Lenovo/AppData/Local/Temp/jsreport/autocleanup/d08b32a1-0927-4c4d-86db-69b1d2ecfde9-chrome-pdf.html","meta":{"rootId":"x9eqvx7424drkh1","id":"x9eqvx7424drkh1"},"id":"9smhsdfxti0x46u","previousOperationId":"foanvn0v4g50kz6"}
{"type":"log","timestamp":1760203250802,"level":"debug","message":"Page request: GET (stylesheet) https://cdnjs.cloudflare.com/ajax/libs/metro/4.1.5/css/metro.min.css","meta":{"rootId":"x9eqvx7424drkh1","id":"x9eqvx7424drkh1"},"id":"zkpdeoijra9m7we","previousOperationId":"foanvn0v4g50kz6"}
{"type":"log","timestamp":1760203251122,"level":"debug","message":"Page request finished: GET (stylesheet) 200 https://cdnjs.cloudflare.com/ajax/libs/metro/4.1.5/css/metro.min.css","meta":{"rootId":"x9eqvx7424drkh1","id":"x9eqvx7424drkh1"},"id":"la718o8bkks2mz2","previousOperationId":"foanvn0v4g50kz6"}
{"type":"log","timestamp":1760203251144,"level":"debug","message":"Running chrome with params {\"printBackground\":true,\"marginTop\":\"1.5cm\",\"marginRight\":\"1.5cm\",\"marginLeft\":\"1.cm\",\"timeout\":59827,\"margin\":{\"top\":\"1.5cm\",\"right\":\"1.5cm\",\"left\":\"1.cm\"}}","meta":{"rootId":"x9eqvx7424drkh1","id":"x9eqvx7424drkh1"},"id":"s8bsf5i9bxc9em7","previousOperationId":"foanvn0v4g50kz6"}
{"type":"operationEnd","operationId":"foanvn0v4g50kz6","timestamp":1760203251273,"id":"pj73m8or7o5cfyo","previousEventId":"urryvij6pv3c6aj","previousOperationId":"foanvn0v4g50kz6"}
{"type":"log","timestamp":1760203251273,"level":"debug","message":"Skipping storing report.","meta":{"rootId":"x9eqvx7424drkh1","id":"x9eqvx7424drkh1"},"id":"aq25cnewwof8q5f","previousOperationId":"foanvn0v4g50kz6"}
{"type":"log","timestamp":1760203251274,"level":"info","message":"Rendering request 3 finished in 923 ms","meta":{"rootId":"x9eqvx7424drkh1","id":"x9eqvx7424drkh1"},"id":"xq4zxqlldsizlio","previousOperationId":"foanvn0v4g50kz6"}
{"type":"operationEnd","subtype":"render","operationId":"7nz58fspzabjhdl","timestamp":1760203251274,"id":"sxicgld64f34m57","previousEventId":"pj73m8or7o5cfyo","previousOperationId":"foanvn0v4g50kz6"}
{"type":"operationEnd","doDiffs":false,"previousEventId":"8d72bt6nqg4mmk1","previousOperationId":"c5fyz71sjjxm6zh","operationId":"c5fyz71sjjxm6zh","timestamp":1760203251290,"id":"3xas8y7v0hily30"}
